<?xml version="1.0" encoding="UTF-8"?>
<!-- Generated by org.testng.reporters.JUnitXMLReporter -->
<testsuite hostname="BLT134" name="Test" tests="3" failures="0" timestamp="4 Feb 2020 08:50:40 GMT" time="30.971" errors="0">
  <testcase name="Launchinternetexplorer" time="3.794" classname="integrationbrowsers.Integrationbrowsers"/>
  <testcase name="launchfirefox" time="12.531" classname="integrationbrowsers.Integrationbrowsers"/>
  <testcase name="chromebrowseropen" time="14.615" classname="integrationbrowsers.Integrationbrowsers"/>
</testsuite> <!-- Test -->
