<?xml version="1.0" encoding="UTF-8"?>
<testng-results skipped="0" failed="0" ignored="0" total="1" passed="1">
  <reporter-output>
  </reporter-output>
  <suite name="Default suite" duration-ms="23530" started-at="2020-03-06T05:54:55Z" finished-at="2020-03-06T05:55:19Z">
    <groups>
    </groups>
    <test name="Default test" duration-ms="23530" started-at="2020-03-06T05:54:55Z" finished-at="2020-03-06T05:55:19Z">
      <class name="com.testcase.Testcase">
        <test-method status="PASS" signature="startUp()[pri:0, instance:com.testcase.Testcase@5c3bd550]" name="startUp" is-config="true" duration-ms="17797" started-at="2020-03-06T05:54:55Z" finished-at="2020-03-06T05:55:13Z">
          <reporter-output>
          </reporter-output>
        </test-method> <!-- startUp -->
        <test-method status="PASS" signature="Source()[pri:0, instance:com.testcase.Testcase@5c3bd550]" name="Source" duration-ms="347" started-at="2020-03-06T05:55:13Z" finished-at="2020-03-06T05:55:14Z">
          <reporter-output>
          </reporter-output>
        </test-method> <!-- Source -->
        <test-method status="PASS" signature="close()[pri:0, instance:com.testcase.Testcase@5c3bd550]" name="close" is-config="true" duration-ms="5347" started-at="2020-03-06T05:55:14Z" finished-at="2020-03-06T05:55:19Z">
          <reporter-output>
          </reporter-output>
        </test-method> <!-- close -->
      </class> <!-- com.testcase.Testcase -->
    </test> <!-- Default test -->
  </suite> <!-- Default suite -->
</testng-results>
