<?xml version="1.0" encoding="UTF-8"?>
<!-- Generated by org.testng.reporters.JUnitXMLReporter -->
<testsuite hostname="BLT134" ignored="0" name="Default test" tests="3" failures="0" timestamp="04 Mar 2020 05:57:38 GMT" time="36.36" errors="0">
  <testcase name="login" time="2.953" classname="testng_demo.Dataprovidercl"/>
  <testcase name="login" time="1.27" classname="testng_demo.Dataprovidercl"/>
  <testcase name="login" time="1.947" classname="testng_demo.Dataprovidercl"/>
</testsuite> <!-- Default test -->
