<?xml version="1.0" encoding="UTF-8"?>
<testng-results skipped="0" failed="0" ignored="0" total="2" passed="2">
  <reporter-output>
  </reporter-output>
  <suite name="Default suite" duration-ms="19693" started-at="2020-02-19T12:14:54Z" finished-at="2020-02-19T12:15:14Z">
    <groups>
    </groups>
    <test name="Default test" duration-ms="19693" started-at="2020-02-19T12:14:54Z" finished-at="2020-02-19T12:15:14Z">
      <class name="Testcases.Testcaselogin">
        <test-method status="PASS" signature="startUp()[pri:0, instance:Testcases.Testcaselogin@548e7350]" name="startUp" is-config="true" duration-ms="11960" started-at="2020-02-19T12:14:54Z" finished-at="2020-02-19T12:15:06Z">
          <reporter-output>
          </reporter-output>
        </test-method> <!-- startUp -->
        <test-method status="PASS" signature="login()[pri:0, instance:Testcases.Testcaselogin@548e7350]" name="login" duration-ms="4245" started-at="2020-02-19T12:15:06Z" finished-at="2020-02-19T12:15:11Z">
          <reporter-output>
          </reporter-output>
        </test-method> <!-- login -->
        <test-method status="PASS" signature="lougout()[pri:0, instance:Testcases.Testcaselogin@548e7350]" name="lougout" duration-ms="1338" started-at="2020-02-19T12:15:11Z" depends-on-methods="Testcases.Testcaselogin.login" finished-at="2020-02-19T12:15:12Z">
          <reporter-output>
          </reporter-output>
        </test-method> <!-- lougout -->
        <test-method status="PASS" signature="close()[pri:0, instance:Testcases.Testcaselogin@548e7350]" name="close" is-config="true" duration-ms="2097" started-at="2020-02-19T12:15:12Z" finished-at="2020-02-19T12:15:14Z">
          <reporter-output>
          </reporter-output>
        </test-method> <!-- close -->
      </class> <!-- Testcases.Testcaselogin -->
    </test> <!-- Default test -->
  </suite> <!-- Default suite -->
</testng-results>
