<?xml version="1.0" encoding="UTF-8"?>
<!-- Generated by org.testng.reporters.JUnitXMLReporter -->
<testsuite hostname="BLT134" ignored="0" name="Default test" tests="3" failures="0" timestamp="04 Feb 2020 08:42:08 GMT" time="31.859" errors="0">
  <testcase name="Launchinternetexplorer" time="4.07" classname="integrationbrowsers.Integrationbrowsers"/>
  <testcase name="launchfirefox" time="13.692" classname="integrationbrowsers.Integrationbrowsers"/>
  <testcase name="chromebrowseropen" time="14.066" classname="integrationbrowsers.Integrationbrowsers"/>
</testsuite> <!-- Default test -->
