<?xml version="1.0" encoding="UTF-8"?>
<testng-results skipped="0" failed="0" ignored="0" total="1" passed="1">
  <reporter-output>
  </reporter-output>
  <suite name="Default suite" duration-ms="3837" started-at="2020-03-05T06:30:35Z" finished-at="2020-03-05T06:30:39Z">
    <groups>
    </groups>
    <test name="Default test" duration-ms="3837" started-at="2020-03-05T06:30:35Z" finished-at="2020-03-05T06:30:39Z">
      <class name="Launch_Demo.InternetexplorerBrowser">
        <test-method status="PASS" signature="Launchinternetexplorer()[pri:0, instance:Launch_Demo.InternetexplorerBrowser@2ef5e5e3]" name="Launchinternetexplorer" duration-ms="3821" started-at="2020-03-05T12:00:35Z" finished-at="2020-03-05T12:00:39Z">
          <reporter-output>
          </reporter-output>
        </test-method> <!-- Launchinternetexplorer -->
      </class> <!-- Launch_Demo.InternetexplorerBrowser -->
    </test> <!-- Default test -->
  </suite> <!-- Default suite -->
</testng-results>
