<?xml version="1.0" encoding="UTF-8"?>
<testng-results skipped="0" failed="0" total="3" passed="3">
  <reporter-output>
  </reporter-output>
  <suite name="Suite" duration-ms="43166" started-at="2020-02-04T08:43:36Z" finished-at="2020-02-04T08:44:20Z">
    <groups>
    </groups>
    <test name="Test" duration-ms="43166" started-at="2020-02-04T08:43:36Z" finished-at="2020-02-04T08:44:20Z">
      <class name="demointegration.IntegratingwithJenkins">
        <test-method status="PASS" signature="Launchinternetexplorer()[pri:0, instance:demointegration.IntegratingwithJenkins@490d6c15]" name="Launchinternetexplorer" duration-ms="3738" started-at="2020-02-04T14:13:36Z" finished-at="2020-02-04T14:13:40Z">
          <reporter-output>
          </reporter-output>
        </test-method> <!-- Launchinternetexplorer -->
        <test-method status="PASS" signature="launchfirefox()[pri:0, instance:demointegration.IntegratingwithJenkins@490d6c15]" name="launchfirefox" duration-ms="15323" started-at="2020-02-04T14:13:40Z" finished-at="2020-02-04T14:13:55Z">
          <reporter-output>
          </reporter-output>
        </test-method> <!-- launchfirefox -->
        <test-method status="PASS" signature="chromebrowseropen()[pri:0, instance:demointegration.IntegratingwithJenkins@490d6c15]" name="chromebrowseropen" duration-ms="24074" started-at="2020-02-04T14:13:55Z" finished-at="2020-02-04T14:14:20Z">
          <reporter-output>
          </reporter-output>
        </test-method> <!-- chromebrowseropen -->
      </class> <!-- demointegration.IntegratingwithJenkins -->
    </test> <!-- Test -->
  </suite> <!-- Suite -->
</testng-results>
