<?xml version="1.0" encoding="UTF-8"?>
<testng-results skipped="0" failed="0" ignored="0" total="1" passed="1">
  <reporter-output>
  </reporter-output>
  <suite name="Default suite" duration-ms="69052" started-at="2020-02-19T10:22:14Z" finished-at="2020-02-19T10:23:23Z">
    <groups>
    </groups>
    <test name="Default test" duration-ms="69052" started-at="2020-02-19T10:22:14Z" finished-at="2020-02-19T10:23:23Z">
      <class name="testng_demo.Exel_login">
        <test-method status="PASS" signature="excel()[pri:0, instance:testng_demo.Exel_login@612fc6eb]" name="excel" duration-ms="68997" started-at="2020-02-19T10:22:14Z" finished-at="2020-02-19T10:23:23Z">
          <reporter-output>
          </reporter-output>
        </test-method> <!-- excel -->
      </class> <!-- testng_demo.Exel_login -->
    </test> <!-- Default test -->
  </suite> <!-- Default suite -->
</testng-results>
