<?xml version="1.0" encoding="UTF-8"?>
<!-- Generated by org.testng.reporters.JUnitXMLReporter -->
<testsuite hostname="BLT134" ignored="2" name="Test" tests="1" failures="0" timestamp="18 Feb 2020 08:53:04 GMT" time="0.071" errors="0">
  <testcase name="Logout" time="0.023" classname="testng_demo.DependsonGroup"/>
  <testcase name="Search" time="0.0" classname="testng_demo.DependsonGroup">
    <ignored/>
  </testcase> <!-- Search -->
  <testcase name="Login" time="0.0" classname="testng_demo.DependsonGroup">
    <ignored/>
  </testcase> <!-- Login -->
</testsuite> <!-- Test -->
