<?xml version="1.0" encoding="UTF-8"?>
<!-- Generated by org.testng.reporters.JUnitXMLReporter -->
<testsuite hostname="BLT134" ignored="0" name="Default test" tests="3" failures="0" timestamp="04 Feb 2020 07:09:24 GMT" time="112.591" errors="0">
  <testcase name="Launchinternetexplorer" time="27.341" classname="demointegration.IntegratingwithJenkins"/>
  <testcase name="launchfirefox" time="65.195" classname="demointegration.IntegratingwithJenkins"/>
  <testcase name="chromebrowseropen" time="19.946" classname="demointegration.IntegratingwithJenkins"/>
</testsuite> <!-- Default test -->
