<?xml version="1.0" encoding="UTF-8"?>
<testng-results skipped="0" failed="0" total="3" passed="3">
  <reporter-output>
  </reporter-output>
  <suite name="Suite" duration-ms="30971" started-at="2020-02-04T08:50:09Z" finished-at="2020-02-04T08:50:40Z">
    <groups>
    </groups>
    <test name="Test" duration-ms="30971" started-at="2020-02-04T08:50:09Z" finished-at="2020-02-04T08:50:40Z">
      <class name="integrationbrowsers.Integrationbrowsers">
        <test-method status="PASS" signature="Launchinternetexplorer()[pri:0, instance:integrationbrowsers.Integrationbrowsers@490d6c15]" name="Launchinternetexplorer" duration-ms="3794" started-at="2020-02-04T14:20:09Z" finished-at="2020-02-04T14:20:13Z">
          <reporter-output>
          </reporter-output>
        </test-method> <!-- Launchinternetexplorer -->
        <test-method status="PASS" signature="launchfirefox()[pri:0, instance:integrationbrowsers.Integrationbrowsers@490d6c15]" name="launchfirefox" duration-ms="12531" started-at="2020-02-04T14:20:13Z" finished-at="2020-02-04T14:20:25Z">
          <reporter-output>
          </reporter-output>
        </test-method> <!-- launchfirefox -->
        <test-method status="PASS" signature="chromebrowseropen()[pri:0, instance:integrationbrowsers.Integrationbrowsers@490d6c15]" name="chromebrowseropen" duration-ms="14615" started-at="2020-02-04T14:20:25Z" finished-at="2020-02-04T14:20:40Z">
          <reporter-output>
          </reporter-output>
        </test-method> <!-- chromebrowseropen -->
      </class> <!-- integrationbrowsers.Integrationbrowsers -->
    </test> <!-- Test -->
  </suite> <!-- Suite -->
</testng-results>
